<?xml version="1.0" encoding="UTF-8"?>
<!-- Generated by org.testng.reporters.JUnitXMLReporter -->
<testsuite hostname="DESKTOP-KSPT2ON" ignored="2" name="Car Loan" tests="5" failures="0" timestamp="2020-05-24T18:04:08 PDT" time="0.018" errors="0">
  <testcase name="MobileloginCarLoan" time="0.001" classname="TestNGTesting.TestNGbasics3"/>
  <testcase name="MobileloginCarLoan" time="0.001" classname="TestNGTesting.TestNGbasics3"/>
  <testcase name="MobileloginCarLoan" time="0.001" classname="TestNGTesting.TestNGbasics3"/>
  <testcase name="MobilesignoutCarLoan" time="0.003" classname="TestNGTesting.TestNGbasics3"/>
  <testcase name="WebloginCarLoan" time="0.0" classname="TestNGTesting.TestNGbasics3"/>
  <testcase name="APIloginCarLoan" time="0.0" classname="TestNGTesting.TestNGbasics3">
    <ignored/>
  </testcase> <!-- APIloginCarLoan -->
  <testcase name="MobilesigninCarLoan" time="0.0" classname="TestNGTesting.TestNGbasics3">
    <ignored/>
  </testcase> <!-- MobilesigninCarLoan -->
</testsuite> <!-- Car Loan -->
