<?xml version="1.0" encoding="UTF-8"?>
<!-- Generated by org.testng.reporters.JUnitXMLReporter -->
<testsuite hostname="DESKTOP-KSPT2ON" ignored="1" name="Persona Loan" tests="5" failures="0" timestamp="2020-05-24T18:04:08 PDT" time="0.039" errors="0">
  <testcase name="Demo" time="0.005" classname="TestNGTesting.TestNGbasics"/>
  <testcase name="ploan" time="0.001" classname="TestNGTesting.TestNGbasics2"/>
  <testcase name="MobileloginHomeLoan" time="0.001" classname="TestNGTesting.TestNGbasics4"/>
  <testcase name="WebloginHomeLoan" time="0.001" classname="TestNGTesting.TestNGbasics4"/>
  <testcase name="APIloginHomeLoan" time="0.0" classname="TestNGTesting.TestNGbasics4"/>
  <testcase name="Demo2" time="0.0" classname="TestNGTesting.TestNGbasics">
    <ignored/>
  </testcase> <!-- Demo2 -->
</testsuite> <!-- Persona Loan -->
