<?xml version="1.0" encoding="UTF-8"?>
<!-- Generated by org.testng.reporters.JUnitXMLReporter -->
<testsuite hostname="DESKTOP-KSPT2ON" ignored="8" name="Regression" tests="3" failures="0" timestamp="2020-05-24T11:39:30 PDT" time="0.036" errors="0">
  <testcase name="Demo" time="0.006" classname="TestNGTesting.TestNGbasics"/>
  <testcase name="ploan" time="0.0" classname="TestNGTesting.TestNGbasics2"/>
  <testcase name="APIloginCarLoan" time="0.001" classname="TestNGTesting.TestNGbasics3"/>
  <testcase name="MobileloginHomeLoan" time="0.0" classname="TestNGTesting.TestNGbasics4">
    <ignored/>
  </testcase> <!-- MobileloginHomeLoan -->
  <testcase name="WebloginHomeLoan" time="0.0" classname="TestNGTesting.TestNGbasics4">
    <ignored/>
  </testcase> <!-- WebloginHomeLoan -->
  <testcase name="Demo2" time="0.0" classname="TestNGTesting.TestNGbasics">
    <ignored/>
  </testcase> <!-- Demo2 -->
  <testcase name="APIloginHomeLoan" time="0.0" classname="TestNGTesting.TestNGbasics4">
    <ignored/>
  </testcase> <!-- APIloginHomeLoan -->
  <testcase name="MobilesigninCarLoan" time="0.0" classname="TestNGTesting.TestNGbasics3">
    <ignored/>
  </testcase> <!-- MobilesigninCarLoan -->
  <testcase name="MobileloginCarLoan" time="0.0" classname="TestNGTesting.TestNGbasics3">
    <ignored/>
  </testcase> <!-- MobileloginCarLoan -->
  <testcase name="MobilesignoutCarLoan" time="0.0" classname="TestNGTesting.TestNGbasics3">
    <ignored/>
  </testcase> <!-- MobilesignoutCarLoan -->
  <testcase name="WebloginCarLoan" time="0.0" classname="TestNGTesting.TestNGbasics3">
    <ignored/>
  </testcase> <!-- WebloginCarLoan -->
</testsuite> <!-- Regression -->
