<?xml version="1.0" encoding="UTF-8"?>
<testng-results skipped="0" failed="1" ignored="0" total="1" passed="0">
  <reporter-output>
  </reporter-output>
  <suite name="Default suite" duration-ms="1663" started-at="2020-05-31T17:35:55 PDT" finished-at="2020-05-31T17:35:57 PDT">
    <groups>
    </groups>
    <test name="Default test" duration-ms="1663" started-at="2020-05-31T17:35:55 PDT" finished-at="2020-05-31T17:35:57 PDT">
      <class name="amithacademy.Extentreport.InitialDemo">
        <test-method status="PASS" signature="config()[pri:0, instance:amithacademy.Extentreport.InitialDemo@2a17b7b6]" name="config" is-config="true" duration-ms="88" started-at="2020-05-31T17:35:55 PDT" finished-at="2020-05-31T17:35:55 PDT">
          <reporter-output>
          </reporter-output>
        </test-method> <!-- config -->
        <test-method status="FAIL" signature="demo()[pri:0, instance:amithacademy.Extentreport.InitialDemo@2a17b7b6]" name="demo" duration-ms="1552" started-at="2020-05-31T17:35:55 PDT" finished-at="2020-05-31T17:35:57 PDT">
          <exception class="org.openqa.selenium.SessionNotCreatedException">
            <message>
              <![CDATA[session not created: This version of ChromeDriver only supports Chrome version 80
Build info: version: '3.141.59', revision: 'e82be7d358', time: '2018-11-14T08:17:03'
System info: host: 'DESKTOP-KSPT2ON', ip: '192.168.0.29', os.name: 'Windows 10', os.arch: 'amd64', os.version: '10.0', java.version: '1.8.0_241'
Driver info: driver.version: ChromeDriver
remote stacktrace: Backtrace:
Ordinal0 [0x00620C83+1707139]
Ordinal0 [0x005868F1+1075441]
Ordinal0 [0x004FDFC9+516041]
Ordinal0 [0x00490554+66900]
Ordinal0 [0x0048CCE2+52450]
Ordinal0 [0x004ABFD7+180183]
Ordinal0 [0x004ABDDD+179677]
Ordinal0 [0x004A9D4B+171339]
Ordinal0 [0x00491D4A+73034]
Ordinal0 [0x00492DC0+77248]
Ordinal0 [0x00492D59+77145]
Ordinal0 [0x0059BB67+1162087]
GetHandleVerifier [0x006BA966+508998]
GetHandleVerifier [0x006BA6A4+508292]
GetHandleVerifier [0x006CF7B7+594583]
GetHandleVerifier [0x006BB1D6+511158]
Ordinal0 [0x0059402C+1130540]
Ordinal0 [0x0059D4CB+1168587]
Ordinal0 [0x0059D633+1168947]
Ordinal0 [0x005B5B35+1268533]
BaseThreadInitThunk [0x77C56359+25]
RtlGetAppContainerNamedObjectPath [0x77EB7C24+228]
RtlGetAppContainerNamedObjectPath [0x77EB7BF4+180]
]]>
            </message>
            <full-stacktrace>
              <![CDATA[org.openqa.selenium.SessionNotCreatedException: session not created: This version of ChromeDriver only supports Chrome version 80
Build info: version: '3.141.59', revision: 'e82be7d358', time: '2018-11-14T08:17:03'
System info: host: 'DESKTOP-KSPT2ON', ip: '192.168.0.29', os.name: 'Windows 10', os.arch: 'amd64', os.version: '10.0', java.version: '1.8.0_241'
Driver info: driver.version: ChromeDriver
remote stacktrace: Backtrace:
Ordinal0 [0x00620C83+1707139]
Ordinal0 [0x005868F1+1075441]
Ordinal0 [0x004FDFC9+516041]
Ordinal0 [0x00490554+66900]
Ordinal0 [0x0048CCE2+52450]
Ordinal0 [0x004ABFD7+180183]
Ordinal0 [0x004ABDDD+179677]
Ordinal0 [0x004A9D4B+171339]
Ordinal0 [0x00491D4A+73034]
Ordinal0 [0x00492DC0+77248]
Ordinal0 [0x00492D59+77145]
Ordinal0 [0x0059BB67+1162087]
GetHandleVerifier [0x006BA966+508998]
GetHandleVerifier [0x006BA6A4+508292]
GetHandleVerifier [0x006CF7B7+594583]
GetHandleVerifier [0x006BB1D6+511158]
Ordinal0 [0x0059402C+1130540]
Ordinal0 [0x0059D4CB+1168587]
Ordinal0 [0x0059D633+1168947]
Ordinal0 [0x005B5B35+1268533]
BaseThreadInitThunk [0x77C56359+25]
RtlGetAppContainerNamedObjectPath [0x77EB7C24+228]
RtlGetAppContainerNamedObjectPath [0x77EB7BF4+180]

at sun.reflect.NativeConstructorAccessorImpl.newInstance0(Native Method)
at sun.reflect.NativeConstructorAccessorImpl.newInstance(Unknown Source)
at sun.reflect.DelegatingConstructorAccessorImpl.newInstance(Unknown Source)
at java.lang.reflect.Constructor.newInstance(Unknown Source)
at org.openqa.selenium.remote.W3CHandshakeResponse.lambda$errorHandler$0(W3CHandshakeResponse.java:62)
at org.openqa.selenium.remote.HandshakeResponse.lambda$getResponseFunction$0(HandshakeResponse.java:30)
at org.openqa.selenium.remote.ProtocolHandshake.lambda$createSession$0(ProtocolHandshake.java:126)
at java.util.stream.ReferencePipeline$3$1.accept(Unknown Source)
at java.util.Spliterators$ArraySpliterator.tryAdvance(Unknown Source)
at java.util.stream.ReferencePipeline.forEachWithCancel(Unknown Source)
at java.util.stream.AbstractPipeline.copyIntoWithCancel(Unknown Source)
at java.util.stream.AbstractPipeline.copyInto(Unknown Source)
at java.util.stream.AbstractPipeline.wrapAndCopyInto(Unknown Source)
at java.util.stream.FindOps$FindOp.evaluateSequential(Unknown Source)
at java.util.stream.AbstractPipeline.evaluate(Unknown Source)
at java.util.stream.ReferencePipeline.findFirst(Unknown Source)
at org.openqa.selenium.remote.ProtocolHandshake.createSession(ProtocolHandshake.java:128)
at org.openqa.selenium.remote.ProtocolHandshake.createSession(ProtocolHandshake.java:74)
at org.openqa.selenium.remote.HttpCommandExecutor.execute(HttpCommandExecutor.java:136)
at org.openqa.selenium.remote.service.DriverCommandExecutor.execute(DriverCommandExecutor.java:83)
at org.openqa.selenium.remote.RemoteWebDriver.execute(RemoteWebDriver.java:552)
at org.openqa.selenium.remote.RemoteWebDriver.startSession(RemoteWebDriver.java:213)
at org.openqa.selenium.remote.RemoteWebDriver.<init>(RemoteWebDriver.java:131)
at org.openqa.selenium.chrome.ChromeDriver.<init>(ChromeDriver.java:181)
at org.openqa.selenium.chrome.ChromeDriver.<init>(ChromeDriver.java:168)
at org.openqa.selenium.chrome.ChromeDriver.<init>(ChromeDriver.java:123)
at amithacademy.Extentreport.InitialDemo.demo(InitialDemo.java:31)
at sun.reflect.NativeMethodAccessorImpl.invoke0(Native Method)
at sun.reflect.NativeMethodAccessorImpl.invoke(Unknown Source)
at sun.reflect.DelegatingMethodAccessorImpl.invoke(Unknown Source)
at java.lang.reflect.Method.invoke(Unknown Source)
at org.testng.internal.MethodInvocationHelper.invokeMethod(MethodInvocationHelper.java:134)
at org.testng.internal.TestInvoker.invokeMethod(TestInvoker.java:597)
at org.testng.internal.TestInvoker.invokeTestMethod(TestInvoker.java:173)
at org.testng.internal.MethodRunner.runInSequence(MethodRunner.java:46)
at org.testng.internal.TestInvoker$MethodInvocationAgent.invoke(TestInvoker.java:816)
at org.testng.internal.TestInvoker.invokeTestMethods(TestInvoker.java:146)
at org.testng.internal.TestMethodWorker.invokeTestMethods(TestMethodWorker.java:146)
at org.testng.internal.TestMethodWorker.run(TestMethodWorker.java:128)
at java.util.ArrayList.forEach(Unknown Source)
at org.testng.TestRunner.privateRun(TestRunner.java:766)
at org.testng.TestRunner.run(TestRunner.java:587)
at org.testng.SuiteRunner.runTest(SuiteRunner.java:384)
at org.testng.SuiteRunner.runSequentially(SuiteRunner.java:378)
at org.testng.SuiteRunner.privateRun(SuiteRunner.java:337)
at org.testng.SuiteRunner.run(SuiteRunner.java:286)
at org.testng.SuiteRunnerWorker.runSuite(SuiteRunnerWorker.java:53)
at org.testng.SuiteRunnerWorker.run(SuiteRunnerWorker.java:96)
at org.testng.TestNG.runSuitesSequentially(TestNG.java:1187)
at org.testng.TestNG.runSuitesLocally(TestNG.java:1109)
at org.testng.TestNG.runSuites(TestNG.java:1039)
at org.testng.TestNG.run(TestNG.java:1007)
at org.testng.remote.AbstractRemoteTestNG.run(AbstractRemoteTestNG.java:115)
at org.testng.remote.RemoteTestNG.initAndRun(RemoteTestNG.java:251)
at org.testng.remote.RemoteTestNG.main(RemoteTestNG.java:77)
]]>
            </full-stacktrace>
          </exception> <!-- org.openqa.selenium.SessionNotCreatedException -->
          <reporter-output>
          </reporter-output>
        </test-method> <!-- demo -->
      </class> <!-- amithacademy.Extentreport.InitialDemo -->
    </test> <!-- Default test -->
  </suite> <!-- Default suite -->
</testng-results>
