<?xml version="1.0" encoding="UTF-8"?>
<!-- Generated by org.testng.reporters.JUnitXMLReporter -->
<testsuite hostname="DESKTOP-KSPT2ON" ignored="0" name="Test" tests="3" failures="0" timestamp="2020-05-25T20:06:57 PDT" time="30.3" errors="0">
  <testcase name="TestingOpen1" time="15.553" classname="FV_Project.QlikStyling.SeleniumTest"/>
  <testcase name="TestingOpen2" time="14.645" classname="FV_Project.QlikStyling.SeleniumTest"/>
  <testcase name="RAPIKey" time="0.002" classname="FV_Project.QlikStyling.RestAPITest"/>
</testsuite> <!-- Test -->
