<?xml version="1.0" encoding="UTF-8"?>
<testng-results skipped="0" failed="0" ignored="0" total="1" passed="1">
  <reporter-output>
  </reporter-output>
  <suite name="Default suite" duration-ms="14476" started-at="2020-05-25T17:42:59Z" finished-at="2020-05-25T17:43:13Z">
    <groups>
    </groups>
    <test name="Default test" duration-ms="14476" started-at="2020-05-25T17:42:59Z" finished-at="2020-05-25T17:43:13Z">
      <class name="TestPackage.TestAmazon">
        <test-method status="PASS" signature="OpenWebPage()[pri:0, instance:TestPackage.TestAmazon@2b546384]" name="OpenWebPage" duration-ms="14425" started-at="2020-05-25T17:42:59Z" finished-at="2020-05-25T17:43:13Z">
          <reporter-output>
          </reporter-output>
        </test-method> <!-- OpenWebPage -->
      </class> <!-- TestPackage.TestAmazon -->
    </test> <!-- Default test -->
  </suite> <!-- Default suite -->
</testng-results>
