<?xml version="1.0" encoding="UTF-8"?>
<testng-results skipped="0" failed="0" ignored="0" total="1" passed="1">
  <reporter-output>
  </reporter-output>
  <suite name="Suite" duration-ms="20" started-at="2020-05-26T04:16:15Z" finished-at="2020-05-26T04:16:15Z">
    <groups>
    </groups>
    <test name="Test" duration-ms="20" started-at="2020-05-26T04:16:15Z" finished-at="2020-05-26T04:16:15Z">
      <class name="FV_Project.QlikStyling.RestAPITest">
        <test-method status="PASS" signature="RAPIKey()[pri:0, instance:FV_Project.QlikStyling.RestAPITest@3d3fcdb0]" name="RAPIKey" duration-ms="3" started-at="2020-05-26T04:16:15Z" finished-at="2020-05-26T04:16:15Z">
          <reporter-output>
          </reporter-output>
        </test-method> <!-- RAPIKey -->
      </class> <!-- FV_Project.QlikStyling.RestAPITest -->
    </test> <!-- Test -->
  </suite> <!-- Suite -->
</testng-results>
