<?xml version="1.0" encoding="UTF-8"?>
<testng-results skipped="0" failed="0" ignored="0" total="3" passed="3">
  <reporter-output>
  </reporter-output>
  <suite name="Suite" duration-ms="30300" started-at="2020-05-25T20:06:27 PDT" finished-at="2020-05-25T20:06:57 PDT">
    <groups>
    </groups>
    <test name="Test" duration-ms="30300" started-at="2020-05-25T20:06:27 PDT" finished-at="2020-05-25T20:06:57 PDT">
      <class name="FV_Project.QlikStyling.RestAPITest">
        <test-method status="PASS" signature="RAPIKey()[pri:0, instance:FV_Project.QlikStyling.RestAPITest@3cef309d]" name="RAPIKey" duration-ms="2" started-at="2020-05-25T20:06:57 PDT" finished-at="2020-05-25T20:06:57 PDT">
          <reporter-output>
          </reporter-output>
        </test-method> <!-- RAPIKey -->
      </class> <!-- FV_Project.QlikStyling.RestAPITest -->
      <class name="FV_Project.QlikStyling.SeleniumTest">
        <test-method status="PASS" signature="TestingOpen1()[pri:0, instance:FV_Project.QlikStyling.SeleniumTest@50b494a6]" name="TestingOpen1" duration-ms="15553" started-at="2020-05-25T20:06:27 PDT" finished-at="2020-05-25T20:06:42 PDT">
          <reporter-output>
          </reporter-output>
        </test-method> <!-- TestingOpen1 -->
        <test-method status="PASS" signature="TestingOpen2()[pri:0, instance:FV_Project.QlikStyling.SeleniumTest@50b494a6]" name="TestingOpen2" duration-ms="14645" started-at="2020-05-25T20:06:42 PDT" finished-at="2020-05-25T20:06:57 PDT">
          <reporter-output>
          </reporter-output>
        </test-method> <!-- TestingOpen2 -->
      </class> <!-- FV_Project.QlikStyling.SeleniumTest -->
    </test> <!-- Test -->
  </suite> <!-- Suite -->
</testng-results>
